{"contracts\\ALP.sol":{"l":{"39":21,"47":6,"48":6,"56":7,"58":6,"59":6,"61":6,"63":6,"65":5,"66":5,"68":5,"69":5,"71":0,"74":5,"78":14,"84":14,"91":14,"92":14,"94":14,"95":14,"96":14,"98":14,"99":14,"103":3,"105":3,"106":2,"108":1,"109":1,"111":1,"112":1,"114":1,"115":1,"117":1,"118":1},"path":"D:\\git\\StasPoyachev\\DeForex\\contracts\\contracts\\ALP.sol","s":{"1":21,"2":6,"3":6,"4":7,"5":6,"6":6,"7":6,"8":6,"9":5,"10":5,"11":5,"12":5,"13":0,"14":5,"15":14,"16":14,"17":14,"18":14,"19":14,"20":14,"21":14,"22":14,"23":14,"24":3,"25":3,"26":2,"27":1,"28":1,"29":1,"30":1,"31":1,"32":1,"33":1,"34":1},"b":{"1":[6,1],"2":[5,1],"3":[5,0],"4":[2,1],"5":[1,1]},"f":{"1":21,"2":6,"3":7,"4":14,"5":3},"fnMap":{"1":{"name":"constructor","line":38,"loc":{"start":{"line":38,"column":4},"end":{"line":40,"column":4}}},"2":{"name":"getReserves","line":42,"loc":{"start":{"line":42,"column":4},"end":{"line":49,"column":4}}},"3":{"name":"requestReserve","line":51,"loc":{"start":{"line":51,"column":4},"end":{"line":75,"column":4}}},"4":{"name":"deposit","line":77,"loc":{"start":{"line":77,"column":4},"end":{"line":100,"column":4}}},"5":{"name":"withdraw","line":102,"loc":{"start":{"line":102,"column":4},"end":{"line":119,"column":4}}}},"statementMap":{"1":{"start":{"line":39,"column":8},"end":{"line":39,"column":72}},"2":{"start":{"line":47,"column":8},"end":{"line":47,"column":27}},"3":{"start":{"line":48,"column":8},"end":{"line":48,"column":27}},"4":{"start":{"line":56,"column":8},"end":{"line":56,"column":62}},"5":{"start":{"line":58,"column":8},"end":{"line":58,"column":32}},"6":{"start":{"line":59,"column":8},"end":{"line":59,"column":32}},"7":{"start":{"line":61,"column":8},"end":{"line":61,"column":63}},"8":{"start":{"line":63,"column":8},"end":{"line":63,"column":61}},"9":{"start":{"line":65,"column":8},"end":{"line":65,"column":57}},"10":{"start":{"line":66,"column":8},"end":{"line":66,"column":58}},"11":{"start":{"line":68,"column":8},"end":{"line":68,"column":1832}},"12":{"start":{"line":69,"column":12},"end":{"line":69,"column":26}},"13":{"start":{"line":71,"column":12},"end":{"line":71,"column":26}},"14":{"start":{"line":74,"column":8},"end":{"line":74,"column":37}},"15":{"start":{"line":78,"column":8},"end":{"line":78,"column":2065}},"16":{"start":{"line":84,"column":8},"end":{"line":84,"column":2211}},"17":{"start":{"line":91,"column":8},"end":{"line":91,"column":23}},"18":{"start":{"line":92,"column":8},"end":{"line":92,"column":23}},"19":{"start":{"line":94,"column":8},"end":{"line":94,"column":58}},"20":{"start":{"line":95,"column":8},"end":{"line":95,"column":25}},"21":{"start":{"line":96,"column":8},"end":{"line":96,"column":25}},"22":{"start":{"line":98,"column":8},"end":{"line":98,"column":68}},"23":{"start":{"line":99,"column":8},"end":{"line":99,"column":37}},"24":{"start":{"line":103,"column":8},"end":{"line":103,"column":58}},"25":{"start":{"line":105,"column":8},"end":{"line":105,"column":74}},"26":{"start":{"line":106,"column":8},"end":{"line":106,"column":74}},"27":{"start":{"line":108,"column":8},"end":{"line":108,"column":25}},"28":{"start":{"line":109,"column":8},"end":{"line":109,"column":25}},"29":{"start":{"line":111,"column":8},"end":{"line":111,"column":23}},"30":{"start":{"line":112,"column":8},"end":{"line":112,"column":23}},"31":{"start":{"line":114,"column":8},"end":{"line":114,"column":60}},"32":{"start":{"line":115,"column":8},"end":{"line":115,"column":60}},"33":{"start":{"line":117,"column":8},"end":{"line":117,"column":69}},"34":{"start":{"line":118,"column":8},"end":{"line":118,"column":37}}},"branchMap":{"1":{"line":56,"type":"if","locations":[{"start":{"line":56,"column":8},"end":{"line":56,"column":8}},{"start":{"line":56,"column":8},"end":{"line":56,"column":8}}]},"2":{"line":63,"type":"if","locations":[{"start":{"line":63,"column":8},"end":{"line":63,"column":8}},{"start":{"line":63,"column":8},"end":{"line":63,"column":8}}]},"3":{"line":68,"type":"if","locations":[{"start":{"line":68,"column":8},"end":{"line":68,"column":8}},{"start":{"line":68,"column":8},"end":{"line":68,"column":8}}]},"4":{"line":105,"type":"if","locations":[{"start":{"line":105,"column":8},"end":{"line":105,"column":8}},{"start":{"line":105,"column":8},"end":{"line":105,"column":8}}]},"5":{"line":106,"type":"if","locations":[{"start":{"line":106,"column":8},"end":{"line":106,"column":8}},{"start":{"line":106,"column":8},"end":{"line":106,"column":8}}]}}},"contracts\\AlpDeployer.sol":{"l":{"28":13,"29":13,"30":13},"path":"D:\\git\\StasPoyachev\\DeForex\\contracts\\contracts\\AlpDeployer.sol","s":{"1":13,"2":13},"b":{},"f":{"1":13},"fnMap":{"1":{"name":"deploy","line":23,"loc":{"start":{"line":23,"column":4},"end":{"line":31,"column":4}}}},"statementMap":{"1":{"start":{"line":28,"column":8},"end":{"line":28,"column":82}},"2":{"start":{"line":29,"column":8},"end":{"line":29,"column":77}}},"branchMap":{}},"contracts\\Deforex.sol":{"l":{"22":3,"26":3,"36":6,"43":5,"45":5,"47":4,"48":4,"54":4,"56":4,"61":3,"63":3,"65":3,"76":3,"86":3,"93":5,"95":5,"96":5,"102":5,"118":2,"123":2,"125":1,"126":1,"128":0,"131":1,"133":1,"135":1,"136":1,"145":3,"150":2,"155":1,"157":1,"161":2,"166":2,"168":1,"173":1,"177":1,"181":1,"183":1,"187":0,"188":0},"path":"D:\\git\\StasPoyachev\\DeForex\\contracts\\contracts\\Deforex.sol","s":{"1":3,"2":3,"3":6,"4":5,"5":5,"6":4,"7":4,"8":4,"9":4,"10":3,"11":3,"12":3,"13":3,"14":3,"15":5,"16":5,"17":5,"18":5,"19":2,"20":2,"21":1,"22":1,"23":0,"24":1,"25":1,"26":1,"27":1,"28":3,"29":2,"30":1,"31":1,"32":2,"33":2,"34":1,"35":1,"36":1,"37":1,"38":1,"39":0,"40":0},"b":{"1":[4,1],"2":[3,1],"3":[1,0],"4":[1,0],"5":[1,0],"6":[1,0]},"f":{"1":3,"2":3,"3":6,"4":5,"5":2,"6":3,"7":2,"8":0},"fnMap":{"1":{"name":"setFactory","line":21,"loc":{"start":{"line":21,"column":4},"end":{"line":23,"column":4}}},"2":{"name":"setExchange","line":25,"loc":{"start":{"line":25,"column":4},"end":{"line":27,"column":4}}},"3":{"name":"createPosition","line":29,"loc":{"start":{"line":29,"column":4},"end":{"line":87,"column":4}}},"4":{"name":"_closePosition","line":89,"loc":{"start":{"line":89,"column":4},"end":{"line":112,"column":4}}},"5":{"name":"_distributionActive","line":114,"loc":{"start":{"line":114,"column":4},"end":{"line":142,"column":4}}},"6":{"name":"closePosition","line":144,"loc":{"start":{"line":144,"column":4},"end":{"line":158,"column":4}}},"7":{"name":"liquidation","line":160,"loc":{"start":{"line":160,"column":4},"end":{"line":184,"column":4}}},"8":{"name":"liquidation","line":186,"loc":{"start":{"line":186,"column":4},"end":{"line":190,"column":4}}}},"statementMap":{"1":{"start":{"line":22,"column":8},"end":{"line":22,"column":25}},"2":{"start":{"line":26,"column":8},"end":{"line":26,"column":27}},"3":{"start":{"line":36,"column":8},"end":{"line":36,"column":938}},"4":{"start":{"line":43,"column":8},"end":{"line":43,"column":62}},"5":{"start":{"line":45,"column":8},"end":{"line":45,"column":77}},"6":{"start":{"line":47,"column":8},"end":{"line":47,"column":30}},"7":{"start":{"line":48,"column":8},"end":{"line":48,"column":1275}},"8":{"start":{"line":54,"column":8},"end":{"line":54,"column":72}},"9":{"start":{"line":56,"column":8},"end":{"line":56,"column":1487}},"10":{"start":{"line":61,"column":8},"end":{"line":61,"column":28}},"11":{"start":{"line":63,"column":8},"end":{"line":63,"column":76}},"12":{"start":{"line":65,"column":8},"end":{"line":65,"column":1739}},"13":{"start":{"line":76,"column":8},"end":{"line":76,"column":2071}},"14":{"start":{"line":86,"column":8},"end":{"line":86,"column":41}},"15":{"start":{"line":93,"column":8},"end":{"line":93,"column":30}},"16":{"start":{"line":95,"column":8},"end":{"line":95,"column":72}},"17":{"start":{"line":96,"column":8},"end":{"line":96,"column":2752}},"18":{"start":{"line":102,"column":8},"end":{"line":102,"column":2895}},"19":{"start":{"line":118,"column":8},"end":{"line":118,"column":3426}},"20":{"start":{"line":123,"column":8},"end":{"line":123,"column":62}},"21":{"start":{"line":125,"column":8},"end":{"line":125,"column":3615}},"22":{"start":{"line":126,"column":12},"end":{"line":126,"column":55}},"23":{"start":{"line":128,"column":12},"end":{"line":128,"column":38}},"24":{"start":{"line":131,"column":8},"end":{"line":131,"column":62}},"25":{"start":{"line":133,"column":8},"end":{"line":133,"column":76}},"26":{"start":{"line":135,"column":8},"end":{"line":135,"column":3942}},"27":{"start":{"line":136,"column":12},"end":{"line":136,"column":3985}},"28":{"start":{"line":145,"column":8},"end":{"line":145,"column":4258}},"29":{"start":{"line":150,"column":8},"end":{"line":150,"column":4364}},"30":{"start":{"line":155,"column":8},"end":{"line":155,"column":45}},"31":{"start":{"line":157,"column":8},"end":{"line":157,"column":59}},"32":{"start":{"line":161,"column":8},"end":{"line":161,"column":4698}},"33":{"start":{"line":166,"column":8},"end":{"line":166,"column":76}},"34":{"start":{"line":168,"column":8},"end":{"line":168,"column":4907}},"35":{"start":{"line":173,"column":8},"end":{"line":173,"column":5038}},"36":{"start":{"line":177,"column":8},"end":{"line":177,"column":74}},"37":{"start":{"line":181,"column":8},"end":{"line":181,"column":51}},"38":{"start":{"line":183,"column":8},"end":{"line":183,"column":59}},"39":{"start":{"line":187,"column":8},"end":{"line":187,"column":5488}},"40":{"start":{"line":188,"column":12},"end":{"line":188,"column":44}}},"branchMap":{"1":{"line":45,"type":"if","locations":[{"start":{"line":45,"column":8},"end":{"line":45,"column":8}},{"start":{"line":45,"column":8},"end":{"line":45,"column":8}}]},"2":{"line":56,"type":"if","locations":[{"start":{"line":56,"column":8},"end":{"line":56,"column":8}},{"start":{"line":56,"column":8},"end":{"line":56,"column":8}}]},"3":{"line":125,"type":"if","locations":[{"start":{"line":125,"column":8},"end":{"line":125,"column":8}},{"start":{"line":125,"column":8},"end":{"line":125,"column":8}}]},"4":{"line":131,"type":"if","locations":[{"start":{"line":131,"column":8},"end":{"line":131,"column":8}},{"start":{"line":131,"column":8},"end":{"line":131,"column":8}}]},"5":{"line":135,"type":"if","locations":[{"start":{"line":135,"column":8},"end":{"line":135,"column":8}},{"start":{"line":135,"column":8},"end":{"line":135,"column":8}}]},"6":{"line":168,"type":"if","locations":[{"start":{"line":168,"column":8},"end":{"line":168,"column":8}},{"start":{"line":168,"column":8},"end":{"line":168,"column":8}}]}}},"contracts\\Exchange.sol":{"l":{"13":5,"23":2,"25":2,"27":1},"path":"D:\\git\\StasPoyachev\\DeForex\\contracts\\contracts\\Exchange.sol","s":{"1":5,"2":2,"3":2,"4":1},"b":{"1":[1,1]},"f":{"1":5,"2":2},"fnMap":{"1":{"name":"setFactory","line":12,"loc":{"start":{"line":12,"column":4},"end":{"line":14,"column":4}}},"2":{"name":"swap","line":16,"loc":{"start":{"line":16,"column":4},"end":{"line":28,"column":4}}}},"statementMap":{"1":{"start":{"line":13,"column":8},"end":{"line":13,"column":25}},"2":{"start":{"line":23,"column":8},"end":{"line":23,"column":62}},"3":{"start":{"line":25,"column":8},"end":{"line":25,"column":73}},"4":{"start":{"line":27,"column":8},"end":{"line":27,"column":52}}},"branchMap":{"1":{"line":25,"type":"if","locations":[{"start":{"line":25,"column":8},"end":{"line":25,"column":8}},{"start":{"line":25,"column":8},"end":{"line":25,"column":8}}]}}},"contracts\\Factory.sol":{"l":{"16":2,"24":20,"28":20,"36":14,"42":18,"51":17,"52":16,"55":16,"56":14,"58":13,"60":13,"61":13,"62":13,"63":13,"67":2,"68":0,"69":0},"path":"D:\\git\\StasPoyachev\\DeForex\\contracts\\contracts\\Factory.sol","s":{"1":2,"2":20,"3":20,"4":14,"5":18,"6":17,"7":16,"8":16,"9":14,"10":13,"11":13,"12":13,"13":13,"14":13,"15":2,"16":0,"17":0},"b":{"1":[16,1],"2":[14,2],"3":[13,1],"4":[0,2]},"f":{"1":2,"2":20,"3":14,"4":18,"5":17,"6":2},"fnMap":{"1":{"name":"countAlp","line":15,"loc":{"start":{"line":15,"column":4},"end":{"line":17,"column":4}}},"2":{"name":"getAlp","line":19,"loc":{"start":{"line":19,"column":4},"end":{"line":29,"column":4}}},"3":{"name":"getExchange","line":31,"loc":{"start":{"line":31,"column":4},"end":{"line":37,"column":4}}},"4":{"name":"registerExchange","line":39,"loc":{"start":{"line":39,"column":4},"end":{"line":43,"column":4}}},"5":{"name":"createAlp","line":47,"loc":{"start":{"line":47,"column":4},"end":{"line":64,"column":4}}},"6":{"name":"setOwner","line":66,"loc":{"start":{"line":66,"column":4},"end":{"line":70,"column":4}}}},"statementMap":{"1":{"start":{"line":16,"column":8},"end":{"line":16,"column":26}},"2":{"start":{"line":24,"column":8},"end":{"line":24,"column":678}},"3":{"start":{"line":28,"column":8},"end":{"line":28,"column":38}},"4":{"start":{"line":36,"column":8},"end":{"line":36,"column":31}},"5":{"start":{"line":42,"column":8},"end":{"line":42,"column":34}},"6":{"start":{"line":51,"column":8},"end":{"line":51,"column":32}},"7":{"start":{"line":52,"column":8},"end":{"line":52,"column":1350}},"8":{"start":{"line":55,"column":8},"end":{"line":55,"column":36}},"9":{"start":{"line":56,"column":8},"end":{"line":56,"column":75}},"10":{"start":{"line":58,"column":8},"end":{"line":58,"column":50}},"11":{"start":{"line":60,"column":8},"end":{"line":60,"column":36}},"12":{"start":{"line":61,"column":8},"end":{"line":61,"column":36}},"13":{"start":{"line":62,"column":8},"end":{"line":62,"column":21}},"14":{"start":{"line":63,"column":8},"end":{"line":63,"column":57}},"15":{"start":{"line":67,"column":8},"end":{"line":67,"column":35}},"16":{"start":{"line":68,"column":8},"end":{"line":68,"column":40}},"17":{"start":{"line":69,"column":8},"end":{"line":69,"column":21}}},"branchMap":{"1":{"line":51,"type":"if","locations":[{"start":{"line":51,"column":8},"end":{"line":51,"column":8}},{"start":{"line":51,"column":8},"end":{"line":51,"column":8}}]},"2":{"line":55,"type":"if","locations":[{"start":{"line":55,"column":8},"end":{"line":55,"column":8}},{"start":{"line":55,"column":8},"end":{"line":55,"column":8}}]},"3":{"line":56,"type":"if","locations":[{"start":{"line":56,"column":8},"end":{"line":56,"column":8}},{"start":{"line":56,"column":8},"end":{"line":56,"column":8}}]},"4":{"line":67,"type":"if","locations":[{"start":{"line":67,"column":8},"end":{"line":67,"column":8}},{"start":{"line":67,"column":8},"end":{"line":67,"column":8}}]}}},"contracts\\UniswapExchange.sol":{"l":{"17":12,"25":10,"26":10,"49":10,"56":8,"65":10,"67":8,"78":8},"path":"D:\\git\\StasPoyachev\\DeForex\\contracts\\contracts\\UniswapExchange.sol","s":{"1":12,"2":10,"3":10,"4":10,"5":8,"6":10,"7":8,"8":8},"b":{},"f":{"1":12,"2":10,"3":10,"4":10},"fnMap":{"1":{"name":"constructor","line":16,"loc":{"start":{"line":16,"column":4},"end":{"line":18,"column":4}}},"2":{"name":"swap","line":20,"loc":{"start":{"line":20,"column":4},"end":{"line":42,"column":4}}},"3":{"name":"safeTransferWithApprove","line":44,"loc":{"start":{"line":44,"column":4},"end":{"line":57,"column":4}}},"4":{"name":"swapExactInputSingle","line":59,"loc":{"start":{"line":59,"column":4},"end":{"line":79,"column":4}}}},"statementMap":{"1":{"start":{"line":17,"column":8},"end":{"line":17,"column":31}},"2":{"start":{"line":25,"column":8},"end":{"line":25,"column":19}},"3":{"start":{"line":26,"column":8},"end":{"line":26,"column":721}},"4":{"start":{"line":49,"column":8},"end":{"line":49,"column":1312}},"5":{"start":{"line":56,"column":8},"end":{"line":56,"column":65}},"6":{"start":{"line":65,"column":8},"end":{"line":65,"column":71}},"7":{"start":{"line":67,"column":8},"end":{"line":67,"column":1820}},"8":{"start":{"line":78,"column":8},"end":{"line":78,"column":55}}},"branchMap":{}}}